Build started 22.11.2019 15:56:27.
     1>Project "C:\Users\Denis\YandexDisk\Work\NewMediana 6.0\NewMediana\NewMediana.vcxproj" on node 2 (Build target(s)).
     1>ClCompile:
         C:\Program Files (x86)\Microsoft Visual Studio 12.0\VC\bin\CL.exe /c /AI"C:\Program Files (x86)\Reference Assemblies\Microsoft\Framework\.NETFramework\v4.5\\" /AI"C:\Program Files (x86)\Windows Kits\8.1\References\CommonConfiguration\Neutral" /AI"C:\Program Files (x86)\Reference Assemblies\Microsoft\Framework\.NETFramework\v4.5\Facades\\" /Zi /clr /nologo /W3 /WX- /O2 /Oy- /D WIN32 /D NDEBUG /D _UNICODE /D UNICODE /EHa /MD /GS /fp:precise /Zc:wchar_t /Zc:forScope /Fo"Release\\" /Fd"Release\vc120.pdb" /TP /FU"C:\Program Files (x86)\Reference Assemblies\Microsoft\Framework\.NETFramework\v4.5\mscorlib.dll" /FU"C:\Program Files (x86)\Reference Assemblies\Microsoft\Framework\.NETFramework\v4.5\System.Data.dll" /FU"C:\Program Files (x86)\Reference Assemblies\Microsoft\Framework\.NETFramework\v4.5\System.dll" /FU"C:\Program Files (x86)\Reference Assemblies\Microsoft\Framework\.NETFramework\v4.5\System.Drawing.dll" /FU"C:\Program Files (x86)\Reference Assemblies\Microsoft\Framework\.NETFramework\v4.5\System.Windows.Forms.DataVisualization.dll" /FU"C:\Program Files (x86)\Reference Assemblies\Microsoft\Framework\.NETFramework\v4.5\System.Windows.Forms.dll" /FU"C:\Program Files (x86)\Reference Assemblies\Microsoft\Framework\.NETFramework\v4.5\System.Xml.dll" /analyze- /errorReport:prompt /clr:nostdlib Form1.cpp Form2.cpp Form3.cpp Form4.cpp Form5.cpp Form6.cpp Main.cpp
         Form1.cpp
     1>c:\users\denis\yandexdisk\work\newmediana 6.0\newmediana\Form1.h(252): warning C4305: 'argument' : truncation from 'double' to 'float'
     1>c:\users\denis\yandexdisk\work\newmediana 6.0\newmediana\Form1.h(254): warning C4305: 'argument' : truncation from 'double' to 'float'
     1>c:\users\denis\yandexdisk\work\newmediana 6.0\newmediana\Form1.h(435): warning C4305: 'argument' : truncation from 'double' to 'float'
     1>c:\users\denis\yandexdisk\work\newmediana 6.0\newmediana\Form1.h(436): warning C4305: 'argument' : truncation from 'double' to 'float'
     1>c:\users\denis\yandexdisk\work\newmediana 6.0\newmediana\Form1.h(437): warning C4305: 'argument' : truncation from 'double' to 'float'
     1>c:\users\denis\yandexdisk\work\newmediana 6.0\newmediana\Form1.h(438): warning C4305: 'argument' : truncation from 'double' to 'float'
     1>c:\users\denis\yandexdisk\work\newmediana 6.0\newmediana\Form2.h(392): warning C4305: 'argument' : truncation from 'double' to 'float'
     1>c:\users\denis\yandexdisk\work\newmediana 6.0\newmediana\Form2.h(393): warning C4305: 'argument' : truncation from 'double' to 'float'
     1>c:\users\denis\yandexdisk\work\newmediana 6.0\newmediana\Form2.h(394): warning C4305: 'argument' : truncation from 'double' to 'float'
     1>Form1.cpp(2026): warning C4244: 'argument' : conversion from 'double' to 'int', possible loss of data
     1>Form1.cpp(2048): warning C4244: 'argument' : conversion from 'double' to 'int', possible loss of data
     1>Form1.cpp(2401): warning C4553: '==' : operator has no effect; did you intend '='?
     1>Form1.cpp(2430): warning C4965: implicit box of integer 0; use nullptr or explicit cast
     1>Form1.cpp(2650): warning C4244: 'argument' : conversion from 'double' to 'int', possible loss of data
     1>Form1.cpp(2656): warning C4244: 'argument' : conversion from 'double' to 'int', possible loss of data
     1>Form1.cpp(2663): warning C4244: 'argument' : conversion from 'double' to 'int', possible loss of data
     1>Form1.cpp(2664): warning C4244: 'argument' : conversion from 'double' to 'int', possible loss of data
     1>Form1.cpp(2726): warning C4244: 'argument' : conversion from 'double' to 'int', possible loss of data
     1>Form1.cpp(2727): warning C4244: 'argument' : conversion from 'double' to 'int', possible loss of data
     1>Form1.cpp(2728): warning C4244: 'argument' : conversion from 'double' to 'int', possible loss of data
     1>Form1.cpp(2729): warning C4244: 'argument' : conversion from 'double' to 'int', possible loss of data
         Form2.cpp
     1>c:\users\denis\yandexdisk\work\newmediana 6.0\newmediana\Form2.h(392): warning C4305: 'argument' : truncation from 'double' to 'float'
     1>c:\users\denis\yandexdisk\work\newmediana 6.0\newmediana\Form2.h(393): warning C4305: 'argument' : truncation from 'double' to 'float'
     1>c:\users\denis\yandexdisk\work\newmediana 6.0\newmediana\Form2.h(394): warning C4305: 'argument' : truncation from 'double' to 'float'
     1>c:\users\denis\yandexdisk\work\newmediana 6.0\newmediana\Form1.h(252): warning C4305: 'argument' : truncation from 'double' to 'float'
     1>c:\users\denis\yandexdisk\work\newmediana 6.0\newmediana\Form1.h(254): warning C4305: 'argument' : truncation from 'double' to 'float'
     1>c:\users\denis\yandexdisk\work\newmediana 6.0\newmediana\Form1.h(435): warning C4305: 'argument' : truncation from 'double' to 'float'
     1>c:\users\denis\yandexdisk\work\newmediana 6.0\newmediana\Form1.h(436): warning C4305: 'argument' : truncation from 'double' to 'float'
     1>c:\users\denis\yandexdisk\work\newmediana 6.0\newmediana\Form1.h(437): warning C4305: 'argument' : truncation from 'double' to 'float'
     1>c:\users\denis\yandexdisk\work\newmediana 6.0\newmediana\Form1.h(438): warning C4305: 'argument' : truncation from 'double' to 'float'
         Form3.cpp
     1>c:\users\denis\yandexdisk\work\newmediana 6.0\newmediana\Form1.h(252): warning C4305: 'argument' : truncation from 'double' to 'float'
     1>c:\users\denis\yandexdisk\work\newmediana 6.0\newmediana\Form1.h(254): warning C4305: 'argument' : truncation from 'double' to 'float'
     1>c:\users\denis\yandexdisk\work\newmediana 6.0\newmediana\Form1.h(435): warning C4305: 'argument' : truncation from 'double' to 'float'
     1>c:\users\denis\yandexdisk\work\newmediana 6.0\newmediana\Form1.h(436): warning C4305: 'argument' : truncation from 'double' to 'float'
     1>c:\users\denis\yandexdisk\work\newmediana 6.0\newmediana\Form1.h(437): warning C4305: 'argument' : truncation from 'double' to 'float'
     1>c:\users\denis\yandexdisk\work\newmediana 6.0\newmediana\Form1.h(438): warning C4305: 'argument' : truncation from 'double' to 'float'
         Form4.cpp
     1>c:\users\denis\yandexdisk\work\newmediana 6.0\newmediana\Form1.h(252): warning C4305: 'argument' : truncation from 'double' to 'float'
     1>c:\users\denis\yandexdisk\work\newmediana 6.0\newmediana\Form1.h(254): warning C4305: 'argument' : truncation from 'double' to 'float'
     1>c:\users\denis\yandexdisk\work\newmediana 6.0\newmediana\Form1.h(435): warning C4305: 'argument' : truncation from 'double' to 'float'
     1>c:\users\denis\yandexdisk\work\newmediana 6.0\newmediana\Form1.h(436): warning C4305: 'argument' : truncation from 'double' to 'float'
     1>c:\users\denis\yandexdisk\work\newmediana 6.0\newmediana\Form1.h(437): warning C4305: 'argument' : truncation from 'double' to 'float'
     1>c:\users\denis\yandexdisk\work\newmediana 6.0\newmediana\Form1.h(438): warning C4305: 'argument' : truncation from 'double' to 'float'
     1>c:\users\denis\yandexdisk\work\newmediana 6.0\newmediana\Form5.h(462): warning C4305: 'argument' : truncation from 'double' to 'float'
     1>c:\users\denis\yandexdisk\work\newmediana 6.0\newmediana\Form5.h(464): warning C4305: 'argument' : truncation from 'double' to 'float'
     1>c:\users\denis\yandexdisk\work\newmediana 6.0\newmediana\Form5.h(594): warning C4305: 'argument' : truncation from 'double' to 'float'
     1>c:\users\denis\yandexdisk\work\newmediana 6.0\newmediana\Form5.h(596): warning C4305: 'argument' : truncation from 'double' to 'float'
     1>c:\users\denis\yandexdisk\work\newmediana 6.0\newmediana\Form5.h(598): warning C4305: 'argument' : truncation from 'double' to 'float'
         Form5.cpp
     1>c:\users\denis\yandexdisk\work\newmediana 6.0\newmediana\Form5.h(462): warning C4305: 'argument' : truncation from 'double' to 'float'
     1>c:\users\denis\yandexdisk\work\newmediana 6.0\newmediana\Form5.h(464): warning C4305: 'argument' : truncation from 'double' to 'float'
     1>c:\users\denis\yandexdisk\work\newmediana 6.0\newmediana\Form5.h(594): warning C4305: 'argument' : truncation from 'double' to 'float'
     1>c:\users\denis\yandexdisk\work\newmediana 6.0\newmediana\Form5.h(596): warning C4305: 'argument' : truncation from 'double' to 'float'
     1>c:\users\denis\yandexdisk\work\newmediana 6.0\newmediana\Form5.h(598): warning C4305: 'argument' : truncation from 'double' to 'float'
     1>c:\users\denis\yandexdisk\work\newmediana 6.0\newmediana\Form1.h(252): warning C4305: 'argument' : truncation from 'double' to 'float'
     1>c:\users\denis\yandexdisk\work\newmediana 6.0\newmediana\Form1.h(254): warning C4305: 'argument' : truncation from 'double' to 'float'
     1>c:\users\denis\yandexdisk\work\newmediana 6.0\newmediana\Form1.h(435): warning C4305: 'argument' : truncation from 'double' to 'float'
     1>c:\users\denis\yandexdisk\work\newmediana 6.0\newmediana\Form1.h(436): warning C4305: 'argument' : truncation from 'double' to 'float'
     1>c:\users\denis\yandexdisk\work\newmediana 6.0\newmediana\Form1.h(437): warning C4305: 'argument' : truncation from 'double' to 'float'
     1>c:\users\denis\yandexdisk\work\newmediana 6.0\newmediana\Form1.h(438): warning C4305: 'argument' : truncation from 'double' to 'float'
         Form6.cpp
     1>c:\users\denis\yandexdisk\work\newmediana 6.0\newmediana\Form5.h(462): warning C4305: 'argument' : truncation from 'double' to 'float'
     1>c:\users\denis\yandexdisk\work\newmediana 6.0\newmediana\Form5.h(464): warning C4305: 'argument' : truncation from 'double' to 'float'
     1>c:\users\denis\yandexdisk\work\newmediana 6.0\newmediana\Form5.h(594): warning C4305: 'argument' : truncation from 'double' to 'float'
     1>c:\users\denis\yandexdisk\work\newmediana 6.0\newmediana\Form5.h(596): warning C4305: 'argument' : truncation from 'double' to 'float'
     1>c:\users\denis\yandexdisk\work\newmediana 6.0\newmediana\Form5.h(598): warning C4305: 'argument' : truncation from 'double' to 'float'
     1>c:\users\denis\yandexdisk\work\newmediana 6.0\newmediana\Form1.h(252): warning C4305: 'argument' : truncation from 'double' to 'float'
     1>c:\users\denis\yandexdisk\work\newmediana 6.0\newmediana\Form1.h(254): warning C4305: 'argument' : truncation from 'double' to 'float'
     1>c:\users\denis\yandexdisk\work\newmediana 6.0\newmediana\Form1.h(435): warning C4305: 'argument' : truncation from 'double' to 'float'
     1>c:\users\denis\yandexdisk\work\newmediana 6.0\newmediana\Form1.h(436): warning C4305: 'argument' : truncation from 'double' to 'float'
     1>c:\users\denis\yandexdisk\work\newmediana 6.0\newmediana\Form1.h(437): warning C4305: 'argument' : truncation from 'double' to 'float'
     1>c:\users\denis\yandexdisk\work\newmediana 6.0\newmediana\Form1.h(438): warning C4305: 'argument' : truncation from 'double' to 'float'
         Main.cpp
     1>c:\users\denis\yandexdisk\work\newmediana 6.0\newmediana\Form1.h(252): warning C4305: 'argument' : truncation from 'double' to 'float'
     1>c:\users\denis\yandexdisk\work\newmediana 6.0\newmediana\Form1.h(254): warning C4305: 'argument' : truncation from 'double' to 'float'
     1>c:\users\denis\yandexdisk\work\newmediana 6.0\newmediana\Form1.h(435): warning C4305: 'argument' : truncation from 'double' to 'float'
     1>c:\users\denis\yandexdisk\work\newmediana 6.0\newmediana\Form1.h(436): warning C4305: 'argument' : truncation from 'double' to 'float'
     1>c:\users\denis\yandexdisk\work\newmediana 6.0\newmediana\Form1.h(437): warning C4305: 'argument' : truncation from 'double' to 'float'
     1>c:\users\denis\yandexdisk\work\newmediana 6.0\newmediana\Form1.h(438): warning C4305: 'argument' : truncation from 'double' to 'float'
         Generating Code...
         C:\Program Files (x86)\Microsoft Visual Studio 12.0\VC\bin\CL.exe /c /Zi /clr /nologo /W3 /WX- /O2 /Oy- /D WIN32 /D NDEBUG /D _UNICODE /D UNICODE /EHa /MD /GS /fp:precise /Zc:wchar_t /Zc:forScope /Fo"Release\\" /Fd"Release\vc120.pdb" /TP /analyze- /errorReport:prompt "C:\Users\Denis\Local Settings\Temp\.NETFramework,Version=v4.5.AssemblyAttributes.cpp"
         .NETFramework,Version=v4.5.AssemblyAttributes.cpp
       Link:
         C:\Program Files (x86)\Microsoft Visual Studio 12.0\VC\bin\link.exe /ERRORREPORT:PROMPT /OUT:"C:\Users\Denis\YandexDisk\Work\NewMediana 6.0\Release\NewMediana.exe" /INCREMENTAL:NO /NOLOGO /ASSEMBLYRESOURCE:Release\NewMediana.Form1.resources /ASSEMBLYRESOURCE:Release\NewMediana.Form2.resources /ASSEMBLYRESOURCE:Release\NewMediana.Form3.resources /ASSEMBLYRESOURCE:Release\NewMediana.Form4.resources /ASSEMBLYRESOURCE:Release\NewMediana.Form5.resources /ASSEMBLYRESOURCE:Release\NewMediana.Form6.resources /MANIFEST /MANIFESTUAC:"level='asInvoker' uiAccess='false'" /manifest:embed /DEBUG /PDB:"C:\Users\Denis\YandexDisk\Work\NewMediana 6.0\Release\NewMediana.pdb" /SUBSYSTEM:WINDOWS /TLBID:1 /ENTRY:"main" /DYNAMICBASE /FIXED:NO /NXCOMPAT /MACHINE:X86 /SAFESEH Release\Form1.obj
         Release\Form2.obj
         Release\Form3.obj
         Release\Form4.obj
         Release\Form5.obj
         Release\Form6.obj
         Release\Main.obj
         "Release\.NETFramework,Version=v4.5.AssemblyAttributes.obj"
         NewMediana.vcxproj -> C:\Users\Denis\YandexDisk\Work\NewMediana 6.0\Release\NewMediana.exe
     1>Done Building Project "C:\Users\Denis\YandexDisk\Work\NewMediana 6.0\NewMediana\NewMediana.vcxproj" (Build target(s)).

Build succeeded.

Time Elapsed 00:00:25.19
