Build started 15.06.2017 15:56:52.
     1>Project "C:\Users\Denis\Documents\Visual Studio 2013\Projects\NewMediana 6.0\NewMediana\NewMediana.vcxproj" on node 2 (Build target(s)).
     1>ClCompile:
         C:\Program Files (x86)\Microsoft Visual Studio 12.0\VC\bin\CL.exe /c /AI"C:\Program Files (x86)\Reference Assemblies\Microsoft\Framework\.NETFramework\v4.5\\" /AI"C:\Program Files (x86)\Windows Kits\8.1\References\CommonConfiguration\Neutral" /AI"C:\Program Files (x86)\Reference Assemblies\Microsoft\Framework\.NETFramework\v4.5\Facades\\" /Zi /clr /nologo /W3 /WX- /Od /Oy- /D WIN32 /D _DEBUG /D _UNICODE /D UNICODE /EHa /MDd /GS /fp:precise /Zc:wchar_t /Zc:forScope /Fo"Debug\\" /Fd"Debug\vc120.pdb" /TP /FU"C:\Program Files (x86)\Reference Assemblies\Microsoft\Framework\.NETFramework\v4.5\mscorlib.dll" /FU"C:\Program Files (x86)\Reference Assemblies\Microsoft\Framework\.NETFramework\v4.5\System.Data.dll" /FU"C:\Program Files (x86)\Reference Assemblies\Microsoft\Framework\.NETFramework\v4.5\System.dll" /FU"C:\Program Files (x86)\Reference Assemblies\Microsoft\Framework\.NETFramework\v4.5\System.Drawing.dll" /FU"C:\Program Files (x86)\Reference Assemblies\Microsoft\Framework\.NETFramework\v4.5\System.Windows.Forms.DataVisualization.dll" /FU"C:\Program Files (x86)\Reference Assemblies\Microsoft\Framework\.NETFramework\v4.5\System.Windows.Forms.dll" /FU"C:\Program Files (x86)\Reference Assemblies\Microsoft\Framework\.NETFramework\v4.5\System.Xml.dll" /analyze- /errorReport:prompt /clr:nostdlib Form1.cpp Form2.cpp Form3.cpp Form4.cpp Form5.cpp Form6.cpp Main.cpp
         Form1.cpp
     1>c1xx : fatal error C1083: Cannot open compiler intermediate file: 'C:\Temp \_CL_da0bb178ex': No such file or directory
         Form2.cpp
     1>c1xx : fatal error C1083: Cannot open compiler intermediate file: 'C:\Temp \_CL_c026d40bex': No such file or directory
         Form3.cpp
     1>c1xx : fatal error C1083: Cannot open compiler intermediate file: 'C:\Temp \_CL_cd972c91ex': No such file or directory
         Form4.cpp
     1>c1xx : fatal error C1083: Cannot open compiler intermediate file: 'C:\Temp \_CL_3c23dcaeex': No such file or directory
         Form5.cpp
     1>c1xx : fatal error C1083: Cannot open compiler intermediate file: 'C:\Temp \_CL_461fec6fex': No such file or directory
         Form6.cpp
     1>c1xx : fatal error C1083: Cannot open compiler intermediate file: 'C:\Temp \_CL_4480e6b5ex': No such file or directory
         Main.cpp
     1>c1xx : fatal error C1083: Cannot open compiler intermediate file: 'C:\Temp \_CL_cc297fc1ex': No such file or directory
         Generating Code...
     1>Done Building Project "C:\Users\Denis\Documents\Visual Studio 2013\Projects\NewMediana 6.0\NewMediana\NewMediana.vcxproj" (Build target(s)) -- FAILED.

Build FAILED.

Time Elapsed 00:00:00.18
